0 info it worked if it ends with ok
1 verbose cli [ '/usr/local/bin/node', '/usr/local/bin/npm', 'start' ]
2 info using npm@3.10.8
3 info using node@v7.0.0
4 verbose run-script [ 'prestart', 'start', 'poststart' ]
5 info lifecycle hellohazzir@1.0.0~prestart: hellohazzir@1.0.0
6 silly lifecycle hellohazzir@1.0.0~prestart: no script for prestart, continuing
7 info lifecycle hellohazzir@1.0.0~start: hellohazzir@1.0.0
8 verbose lifecycle hellohazzir@1.0.0~start: unsafe-perm in lifecycle true
9 verbose lifecycle hellohazzir@1.0.0~start: PATH: /usr/local/lib/node_modules/npm/bin/node-gyp-bin:/Users/agha.asim/asimkh/www/facebook-messenger/hellohazzir/node_modules/.bin:/usr/local/ngrok:/Applications/Postgres.app/Contents/Versions/9.5/bin:/Users/agha.asim/.composer/vendor/bin:/Applications/MAMP/bin/php/php5.6.10/bin:/usr/local/bin/:/usr/local/lib/node_modules/typescript/bin/:/usr/local/Cellar/git/2.6.3/bin/:/usr/local/lib/node_modules/:/usr/local/include/node/:/usr/local/bin/:/usr/local/heroku/bin:/Users/agha.asim/Android/sdk/platform-tools/:/Users/agha.asim/Android/sdk/platforms/:/Users/agha.asim/Android/sdk/tools/:/Users/agha.asim/Android/gradle/bin/:/Library/Frameworks/Python.framework/Versions/3.4/bin:/usr/local/bin:/usr/bin:/bin:/usr/sbin:/sbin:/usr/local/go/bin
10 verbose lifecycle hellohazzir@1.0.0~start: CWD: /Users/agha.asim/asimkh/www/facebook-messenger/hellohazzir
11 silly lifecycle hellohazzir@1.0.0~start: Args: [ '-c', 'node index.js' ]
12 silly lifecycle hellohazzir@1.0.0~start: Returned: code: 1  signal: null
13 info lifecycle hellohazzir@1.0.0~start: Failed to exec start script
14 verbose stack Error: hellohazzir@1.0.0 start: `node index.js`
14 verbose stack Exit status 1
14 verbose stack     at EventEmitter.<anonymous> (/usr/local/lib/node_modules/npm/lib/utils/lifecycle.js:255:16)
14 verbose stack     at emitTwo (events.js:106:13)
14 verbose stack     at EventEmitter.emit (events.js:191:7)
14 verbose stack     at ChildProcess.<anonymous> (/usr/local/lib/node_modules/npm/lib/utils/spawn.js:40:14)
14 verbose stack     at emitTwo (events.js:106:13)
14 verbose stack     at ChildProcess.emit (events.js:191:7)
14 verbose stack     at maybeClose (internal/child_process.js:877:16)
14 verbose stack     at Process.ChildProcess._handle.onexit (internal/child_process.js:226:5)
15 verbose pkgid hellohazzir@1.0.0
16 verbose cwd /Users/agha.asim/asimkh/www/facebook-messenger/hellohazzir
17 error Darwin 15.6.0
18 error argv "/usr/local/bin/node" "/usr/local/bin/npm" "start"
19 error node v7.0.0
20 error npm  v3.10.8
21 error code ELIFECYCLE
22 error hellohazzir@1.0.0 start: `node index.js`
22 error Exit status 1
23 error Failed at the hellohazzir@1.0.0 start script 'node index.js'.
23 error Make sure you have the latest version of node.js and npm installed.
23 error If you do, this is most likely a problem with the hellohazzir package,
23 error not with npm itself.
23 error Tell the author that this fails on your system:
23 error     node index.js
23 error You can get information on how to open an issue for this project with:
23 error     npm bugs hellohazzir
23 error Or if that isn't available, you can get their info via:
23 error     npm owner ls hellohazzir
23 error There is likely additional logging output above.
24 verbose exit [ 1, true ]
